<?xml version="1.0" encoding="UTF-8"?>
<testsuite xmlns:xsi="http://www.w3.org/2001/XMLSchema-instance" xsi:noNamespaceSchemaLocation="https://maven.apache.org/surefire/maven-surefire-plugin/xsd/surefire-test-report.xsd" name="TestSuite" time="12.547" tests="3" errors="0" skipped="0" failures="0">
  <properties>
[...]
</properties>
  <testcase name="test_getTitle_page" classname="tests.HomePageTest" time="2.022"/>
  <testcase name="test_login" classname="tests.LoginTest" time="0.891"/>
  <testcase name="test_getTitle" classname="tests.LoginTest" time="0.006"/>
</testsuite>