<?xml version="1.0" encoding="UTF-8"?>
<testng-results ignored="0" total="3" passed="3" failed="0" skipped="0">
  <reporter-output>
  </reporter-output>
  <suite started-at="2023-12-02T10:03:54 IST" name="Surefire suite" finished-at="2023-12-02T10:04:06 IST" duration-ms="11792">
    <groups>
    </groups>
    <test started-at="2023-12-02T10:03:54 IST" name="Surefire test" finished-at="2023-12-02T10:04:06 IST" duration-ms="11792">
      <class name="tests.LoginTest">
        <test-method is-config="true" signature="start_browser()[pri:0, instance:tests.LoginTest@6d3a388c]" started-at="2023-12-02T10:03:59 IST" name="start_browser" finished-at="2023-12-02T10:04:02 IST" duration-ms="3444" status="PASS">
          <reporter-output>
          </reporter-output>
        </test-method> <!-- start_browser -->
        <test-method signature="test_login(java.lang.String,java.lang.String)[pri:49, instance:tests.LoginTest@6d3a388c]" started-at="2023-12-02T10:04:05 IST" name="test_login" data-provider="excelData" finished-at="2023-12-02T10:04:05 IST" duration-ms="891" status="PASS">
          <params>
            <param index="0">
              <value>
                <![CDATA[Itest@Itest.com]]>
              </value>
            </param>
            <param index="1">
              <value>
                <![CDATA[Itest@Itest]]>
              </value>
            </param>
          </params>
          <reporter-output>
          </reporter-output>
        </test-method> <!-- test_login -->
        <test-method signature="test_getTitle()[pri:50, instance:tests.LoginTest@6d3a388c]" started-at="2023-12-02T10:04:05 IST" name="test_getTitle" finished-at="2023-12-02T10:04:05 IST" duration-ms="6" status="PASS">
          <reporter-output>
          </reporter-output>
        </test-method> <!-- test_getTitle -->
      </class> <!-- tests.LoginTest -->
      <class name="tests.HomePageTest">
        <test-method is-config="true" signature="start_browser()[pri:0, instance:tests.HomePageTest@2dde1bff]" started-at="2023-12-02T10:03:54 IST" name="start_browser" finished-at="2023-12-02T10:03:59 IST" duration-ms="4804" status="PASS">
          <reporter-output>
          </reporter-output>
        </test-method> <!-- start_browser -->
        <test-method signature="test_getTitle_page()[pri:49, instance:tests.HomePageTest@2dde1bff]" started-at="2023-12-02T10:04:02 IST" name="test_getTitle_page" finished-at="2023-12-02T10:04:04 IST" duration-ms="2167" status="PASS">
          <reporter-output>
          </reporter-output>
        </test-method> <!-- test_getTitle_page -->
        <test-method is-config="true" signature="close()[pri:0, instance:tests.HomePageTest@2dde1bff]" started-at="2023-12-02T10:04:05 IST" name="close" finished-at="2023-12-02T10:04:06 IST" duration-ms="92" status="PASS">
          <reporter-output>
          </reporter-output>
        </test-method> <!-- close -->
      </class> <!-- tests.HomePageTest -->
    </test> <!-- Surefire test -->
  </suite> <!-- Surefire suite -->
</testng-results>
