<?xml version="1.0" encoding="UTF-8"?>
<!-- Generated by org.testng.reporters.JUnitXMLReporter -->
<testsuite ignored="0" hostname="MSI" failures="0" tests="3" name="Surefire test" time="11.792" errors="0" timestamp="2023-12-02T10:04:06 IST">
  <testcase classname="tests.HomePageTest" name="test_getTitle_page" time="2.167"/>
  <testcase classname="tests.LoginTest" name="test_login" time="0.891"/>
  <testcase classname="tests.LoginTest" name="test_getTitle" time="0.006"/>
</testsuite> <!-- Surefire test -->
